<?xml version="1.0" encoding="UTF-8"?>
<testng-results skipped="0" failed="0" total="1" passed="1">
  <reporter-output>
  </reporter-output>
  <suite name="Default suite" duration-ms="61565" started-at="2021-01-29T11:49:48Z" finished-at="2021-01-29T11:50:49Z">
    <groups>
    </groups>
    <test name="Default test" duration-ms="61565" started-at="2021-01-29T11:49:48Z" finished-at="2021-01-29T11:50:49Z">
      <class name="Package.FlipkartTest">
        <test-method status="PASS" signature="navigate()[pri:0, instance:Package.FlipkartTest@1b604f19]" name="navigate" is-config="true" duration-ms="43739" started-at="2021-01-29T17:19:48Z" finished-at="2021-01-29T17:20:32Z">
          <reporter-output>
          </reporter-output>
        </test-method> <!-- navigate -->
        <test-method status="PASS" signature="flipkart()[pri:0, instance:Package.FlipkartTest@1b604f19]" name="flipkart" duration-ms="16763" started-at="2021-01-29T17:20:32Z" finished-at="2021-01-29T17:20:49Z">
          <reporter-output>
          </reporter-output>
        </test-method> <!-- flipkart -->
        <test-method status="PASS" signature="quit()[pri:0, instance:Package.FlipkartTest@1b604f19]" name="quit" is-config="true" duration-ms="626" started-at="2021-01-29T17:20:49Z" finished-at="2021-01-29T17:20:49Z">
          <reporter-output>
          </reporter-output>
        </test-method> <!-- quit -->
      </class> <!-- Package.FlipkartTest -->
    </test> <!-- Default test -->
  </suite> <!-- Default suite -->
</testng-results>
